<?xml version="1.0" encoding="UTF-8"?>
<testsuite xmlns:xsi="http://www.w3.org/2001/XMLSchema-instance" xsi:noNamespaceSchemaLocation="https://maven.apache.org/surefire/maven-surefire-plugin/xsd/surefire-test-report.xsd" version="3.0.2" name="com.library.StudentServiceTest" time="1.281" tests="4" errors="4" skipped="0" failures="0">
  <properties>
    <property name="java.specification.version" value="23"/>
    <property name="maven.user.extensions" value="C:\Users\LENOVO/.m2/extensions.xml"/>
    <property name="sun.cpu.isalist" value="amd64"/>
    <property name="sun.jnu.encoding" value="Cp1252"/>
    <property name="java.class.path" value="C:\Users\LENOVO\Desktop\GestionBibliotheque\target\test-classes;C:\Users\LENOVO\Desktop\GestionBibliotheque\target\classes;C:\Users\LENOVO\.m2\repository\junit\junit\4.13.2\junit-4.13.2.jar;C:\Users\LENOVO\.m2\repository\org\hamcrest\hamcrest-core\1.3\hamcrest-core-1.3.jar;C:\Users\LENOVO\.m2\repository\org\junit\jupiter\junit-jupiter\5.11.4\junit-jupiter-5.11.4.jar;C:\Users\LENOVO\.m2\repository\org\junit\jupiter\junit-jupiter-api\5.11.4\junit-jupiter-api-5.11.4.jar;C:\Users\LENOVO\.m2\repository\org\opentest4j\opentest4j\1.3.0\opentest4j-1.3.0.jar;C:\Users\LENOVO\.m2\repository\org\junit\platform\junit-platform-commons\1.11.4\junit-platform-commons-1.11.4.jar;C:\Users\LENOVO\.m2\repository\org\apiguardian\apiguardian-api\1.1.2\apiguardian-api-1.1.2.jar;C:\Users\LENOVO\.m2\repository\org\junit\jupiter\junit-jupiter-params\5.11.4\junit-jupiter-params-5.11.4.jar;C:\Users\LENOVO\.m2\repository\org\junit\jupiter\junit-jupiter-engine\5.11.4\junit-jupiter-engine-5.11.4.jar;C:\Users\LENOVO\.m2\repository\org\junit\platform\junit-platform-engine\1.11.4\junit-platform-engine-1.11.4.jar;C:\Users\LENOVO\.m2\repository\org\mockito\mockito-core\5.5.0\mockito-core-5.5.0.jar;C:\Users\LENOVO\.m2\repository\net\bytebuddy\byte-buddy\1.14.6\byte-buddy-1.14.6.jar;C:\Users\LENOVO\.m2\repository\net\bytebuddy\byte-buddy-agent\1.14.6\byte-buddy-agent-1.14.6.jar;C:\Users\LENOVO\.m2\repository\org\objenesis\objenesis\3.3\objenesis-3.3.jar;C:\Users\LENOVO\.m2\repository\org\mockito\mockito-junit-jupiter\5.5.0\mockito-junit-jupiter-5.5.0.jar;C:\Users\LENOVO\.m2\repository\com\mysql\mysql-connector-j\8.0.33\mysql-connector-j-8.0.33.jar;C:\Users\LENOVO\.m2\repository\com\google\protobuf\protobuf-java\3.21.9\protobuf-java-3.21.9.jar;C:\Users\LENOVO\.m2\repository\org\mockito\mockito-inline\5.2.0\mockito-inline-5.2.0.jar;"/>
    <property name="java.vm.vendor" value="Oracle Corporation"/>
    <property name="sun.arch.data.model" value="64"/>
    <property name="user.variant" value=""/>
    <property name="maven.user.toolchains" value="C:\Users\LENOVO/.m2/toolchains.xml"/>
    <property name="java.vendor.url" value="https://java.oracle.com/"/>
    <property name="user.timezone" value="Africa/Casablanca"/>
    <property name="os.name" value="Windows 10"/>
    <property name="java.vm.specification.version" value="23"/>
    <property name="maven.repo.central" value="https://repo.maven.apache.org/maven2"/>
    <property name="sun.java.launcher" value="SUN_STANDARD"/>
    <property name="user.country" value="FR"/>
    <property name="sun.boot.library.path" value="C:\Program Files\Java\jdk-23\bin"/>
    <property name="sun.java.command" value="C:\Users\LENOVO\AppData\Local\Temp\surefire2553221150244244116\surefirebooter-20241218123455719_3.jar C:\Users\LENOVO\AppData\Local\Temp\surefire2553221150244244116 2024-12-18T12-34-54_618-jvmRun1 surefire-20241218123455719_1tmp surefire_0-20241218123455719_2tmp"/>
    <property name="maven.project.settings" value="${session.rootDirectory}/.mvn/settings.xml"/>
    <property name="jdk.debug" value="release"/>
    <property name="surefire.test.class.path" value="C:\Users\LENOVO\Desktop\GestionBibliotheque\target\test-classes;C:\Users\LENOVO\Desktop\GestionBibliotheque\target\classes;C:\Users\LENOVO\.m2\repository\junit\junit\4.13.2\junit-4.13.2.jar;C:\Users\LENOVO\.m2\repository\org\hamcrest\hamcrest-core\1.3\hamcrest-core-1.3.jar;C:\Users\LENOVO\.m2\repository\org\junit\jupiter\junit-jupiter\5.11.4\junit-jupiter-5.11.4.jar;C:\Users\LENOVO\.m2\repository\org\junit\jupiter\junit-jupiter-api\5.11.4\junit-jupiter-api-5.11.4.jar;C:\Users\LENOVO\.m2\repository\org\opentest4j\opentest4j\1.3.0\opentest4j-1.3.0.jar;C:\Users\LENOVO\.m2\repository\org\junit\platform\junit-platform-commons\1.11.4\junit-platform-commons-1.11.4.jar;C:\Users\LENOVO\.m2\repository\org\apiguardian\apiguardian-api\1.1.2\apiguardian-api-1.1.2.jar;C:\Users\LENOVO\.m2\repository\org\junit\jupiter\junit-jupiter-params\5.11.4\junit-jupiter-params-5.11.4.jar;C:\Users\LENOVO\.m2\repository\org\junit\jupiter\junit-jupiter-engine\5.11.4\junit-jupiter-engine-5.11.4.jar;C:\Users\LENOVO\.m2\repository\org\junit\platform\junit-platform-engine\1.11.4\junit-platform-engine-1.11.4.jar;C:\Users\LENOVO\.m2\repository\org\mockito\mockito-core\5.5.0\mockito-core-5.5.0.jar;C:\Users\LENOVO\.m2\repository\net\bytebuddy\byte-buddy\1.14.6\byte-buddy-1.14.6.jar;C:\Users\LENOVO\.m2\repository\net\bytebuddy\byte-buddy-agent\1.14.6\byte-buddy-agent-1.14.6.jar;C:\Users\LENOVO\.m2\repository\org\objenesis\objenesis\3.3\objenesis-3.3.jar;C:\Users\LENOVO\.m2\repository\org\mockito\mockito-junit-jupiter\5.5.0\mockito-junit-jupiter-5.5.0.jar;C:\Users\LENOVO\.m2\repository\com\mysql\mysql-connector-j\8.0.33\mysql-connector-j-8.0.33.jar;C:\Users\LENOVO\.m2\repository\com\google\protobuf\protobuf-java\3.21.9\protobuf-java-3.21.9.jar;C:\Users\LENOVO\.m2\repository\org\mockito\mockito-inline\5.2.0\mockito-inline-5.2.0.jar;"/>
    <property name="sun.cpu.endian" value="little"/>
    <property name="user.home" value="C:\Users\LENOVO"/>
    <property name="user.language" value="fr"/>
    <property name="java.specification.vendor" value="Oracle Corporation"/>
    <property name="java.version.date" value="2024-10-15"/>
    <property name="java.home" value="C:\Program Files\Java\jdk-23"/>
    <property name="maven.user.conf" value="C:\Users\LENOVO/.m2"/>
    <property name="file.separator" value="\"/>
    <property name="basedir" value="C:\Users\LENOVO\Desktop\GestionBibliotheque"/>
    <property name="java.vm.compressedOopsMode" value="32-bit"/>
    <property name="line.separator" value="&#10;"/>
    <property name="java.vm.specification.vendor" value="Oracle Corporation"/>
    <property name="java.specification.name" value="Java Platform API Specification"/>
    <property name="maven.project.conf" value="${session.rootDirectory}/.mvn"/>
    <property name="surefire.real.class.path" value="C:\Users\LENOVO\AppData\Local\Temp\surefire2553221150244244116\surefirebooter-20241218123455719_3.jar"/>
    <property name="user.script" value=""/>
    <property name="sun.management.compiler" value="HotSpot 64-Bit Tiered Compilers"/>
    <property name="java.runtime.version" value="23.0.1+11-39"/>
    <property name="user.name" value="LENOVO"/>
    <property name="stdout.encoding" value="Cp1252"/>
    <property name="maven.installation.conf" value="C:\Users\LENOVO\Downloads\apache-maven-4.0.0-beta-4/conf"/>
    <property name="path.separator" value=";"/>
    <property name="os.version" value="10.0"/>
    <property name="java.runtime.name" value="Java(TM) SE Runtime Environment"/>
    <property name="file.encoding" value="UTF-8"/>
    <property name="maven.installation.toolchains" value="C:\Users\LENOVO\Downloads\apache-maven-4.0.0-beta-4/conf/toolchains.xml"/>
    <property name="java.vm.name" value="Java HotSpot(TM) 64-Bit Server VM"/>
    <property name="localRepository" value="C:\Users\LENOVO\.m2\repository"/>
    <property name="maven.project.extensions" value="${session.rootDirectory}/.mvn/extensions.xml"/>
    <property name="java.vendor.url.bug" value="https://bugreport.java.com/bugreport/"/>
    <property name="java.io.tmpdir" value="C:\Users\LENOVO\AppData\Local\Temp\"/>
    <property name="maven.installation.extensions" value="C:\Users\LENOVO\Downloads\apache-maven-4.0.0-beta-4/conf/extensions.xml"/>
    <property name="java.version" value="23.0.1"/>
    <property name="user.dir" value="C:\Users\LENOVO\Desktop\GestionBibliotheque"/>
    <property name="os.arch" value="amd64"/>
    <property name="java.vm.specification.name" value="Java Virtual Machine Specification"/>
    <property name="sun.os.patch.level" value=""/>
    <property name="native.encoding" value="Cp1252"/>
    <property name="java.library.path" value="C:\Program Files\Java\jdk-23\bin;C:\Windows\Sun\Java\bin;C:\Windows\system32;C:\Windows;C:\oraclexe\app\oracle\product\11.2.0\server\bin;C:\Program Files\Common Files\Oracle\Java\javapath;C:\Windows\system32;C:\Windows;C:\Windows\System32\Wbem;C:\Windows\System32\WindowsPowerShell\v1.0\;C:\Windows\System32\OpenSSH\;C:\xampp\php;C:\ProgramData\ComposerSetup\bin;C:\Program Files\nodejs\;C:\Program Files\Git\cmd;C:\ProgramData\Microsoft\Windows\Start Menu\Programs\Git;C:\Users\LENOVO\Downloads\apache-maven-4.0.0-beta-4\bin;C:\Users\LENOVO\AppData\Local\Programs\Python\Python312\;C:\Program Files\Docker\Docker\resources\bin;C:\Users\LENOVO\AppData\Local\Programs\Python\Python312\;C:\Users\LENOVO\AppData\Local\Programs\Python\Python312\Scripts\;C:\Users\LENOVO\AppData\Local\Programs\Python\Launcher\;C:\Users\LENOVO\AppData\Local\Microsoft\WindowsApps;C:\Users\LENOVO\AppData\Local\Programs\Microsoft VS Code\bin;C:\Users\LENOVO\AppData\Roaming\npm;C:\Users\LENOVO;C:\Program Files\JetBrains\IntelliJ IDEA 2024.2.2\bin;C:\Users\LENOVO\Downloads\Talend;C:\Program Files\Java\jdk-11.0.16\bin;C:\Users\LENOVO\AppData\Roaming\Microsoft\Windows\Start Menu\Programs\Python 3.12;."/>
    <property name="java.vm.info" value="mixed mode, sharing"/>
    <property name="stderr.encoding" value="Cp1252"/>
    <property name="java.vendor" value="Oracle Corporation"/>
    <property name="java.vm.version" value="23.0.1+11-39"/>
    <property name="maven.installation.settings" value="C:\Users\LENOVO\Downloads\apache-maven-4.0.0-beta-4/conf/settings.xml"/>
    <property name="sun.io.unicode.encoding" value="UnicodeLittle"/>
    <property name="maven.user.settings" value="C:\Users\LENOVO/.m2/settings.xml"/>
    <property name="java.class.version" value="67.0"/>
  </properties>
  <testcase name="testAddStudent_InvalidStudent" classname="com.library.StudentServiceTest" time="0.322">
    <error message="&#10;Mockito cannot mock this class: class com.library.dao.StudentDAO.&#10;&#10;If you&apos;re not sure why you&apos;re getting this error, please open an issue on GitHub.&#10;&#10;&#10;Java               : 23&#10;JVM vendor name    : Oracle Corporation&#10;JVM vendor version : 23.0.1+11-39&#10;JVM name           : Java HotSpot(TM) 64-Bit Server VM&#10;JVM version        : 23.0.1+11-39&#10;JVM info           : mixed mode, sharing&#10;OS name            : Windows 10&#10;OS version         : 10.0&#10;&#10;&#10;You are seeing this disclaimer because Mockito is configured to create inlined mocks.&#10;You can learn about inline mocks and their limitations under item #39 of the Mockito class javadoc.&#10;&#10;Underlying exception : org.mockito.exceptions.base.MockitoException: Could not modify all classes [class java.lang.Object, class com.library.dao.StudentDAO]" type="org.mockito.exceptions.base.MockitoException"><![CDATA[org.mockito.exceptions.base.MockitoException: 

Mockito cannot mock this class: class com.library.dao.StudentDAO.

If you're not sure why you're getting this error, please open an issue on GitHub.


Java               : 23
JVM vendor name    : Oracle Corporation
JVM vendor version : 23.0.1+11-39
JVM name           : Java HotSpot(TM) 64-Bit Server VM
JVM version        : 23.0.1+11-39
JVM info           : mixed mode, sharing
OS name            : Windows 10
OS version         : 10.0


You are seeing this disclaimer because Mockito is configured to create inlined mocks.
You can learn about inline mocks and their limitations under item #39 of the Mockito class javadoc.

Underlying exception : org.mockito.exceptions.base.MockitoException: Could not modify all classes [class java.lang.Object, class com.library.dao.StudentDAO]
	at com.library.StudentServiceTest.setUp(StudentServiceTest.java:22)
	at java.base/java.lang.reflect.Method.invoke(Method.java:580)
	at java.base/java.util.ArrayList.forEach(ArrayList.java:1597)
	at java.base/java.util.ArrayList.forEach(ArrayList.java:1597)
Caused by: org.mockito.exceptions.base.MockitoException: Could not modify all classes [class java.lang.Object, class com.library.dao.StudentDAO]
	at net.bytebuddy.TypeCache.findOrInsert(TypeCache.java:168)
	at net.bytebuddy.TypeCache$WithInlineExpunction.findOrInsert(TypeCache.java:399)
	at net.bytebuddy.TypeCache.findOrInsert(TypeCache.java:190)
	at net.bytebuddy.TypeCache$WithInlineExpunction.findOrInsert(TypeCache.java:410)
	... 4 more
Caused by: java.lang.IllegalStateException: 
Byte Buddy could not instrument all classes within the mock's type hierarchy

This problem should never occur for javac-compiled classes. This problem has been observed for classes that are:
 - Compiled by older versions of scalac
 - Classes that are part of the Android distribution
	at org.mockito.internal.creation.bytebuddy.InlineBytecodeGenerator.triggerRetransformation(InlineBytecodeGenerator.java:285)
	at org.mockito.internal.creation.bytebuddy.InlineBytecodeGenerator.mockClass(InlineBytecodeGenerator.java:218)
	at org.mockito.internal.creation.bytebuddy.TypeCachingBytecodeGenerator.lambda$mockClass$0(TypeCachingBytecodeGenerator.java:78)
	at net.bytebuddy.TypeCache.findOrInsert(TypeCache.java:168)
	at net.bytebuddy.TypeCache$WithInlineExpunction.findOrInsert(TypeCache.java:399)
	at net.bytebuddy.TypeCache.findOrInsert(TypeCache.java:190)
	at net.bytebuddy.TypeCache$WithInlineExpunction.findOrInsert(TypeCache.java:410)
	at org.mockito.internal.creation.bytebuddy.TypeCachingBytecodeGenerator.mockClass(TypeCachingBytecodeGenerator.java:75)
	at org.mockito.internal.creation.bytebuddy.InlineDelegateByteBuddyMockMaker.createMockType(InlineDelegateByteBuddyMockMaker.java:396)
	at org.mockito.internal.creation.bytebuddy.InlineDelegateByteBuddyMockMaker.doCreateMock(InlineDelegateByteBuddyMockMaker.java:355)
	at org.mockito.internal.creation.bytebuddy.InlineDelegateByteBuddyMockMaker.createMock(InlineDelegateByteBuddyMockMaker.java:334)
	at org.mockito.internal.creation.bytebuddy.InlineByteBuddyMockMaker.createMock(InlineByteBuddyMockMaker.java:56)
	at org.mockito.internal.util.MockUtil.createMock(MockUtil.java:99)
	at org.mockito.internal.MockitoCore.mock(MockitoCore.java:88)
	at org.mockito.Mockito.mock(Mockito.java:2101)
	at org.mockito.Mockito.mock(Mockito.java:2016)
	... 4 more
Caused by: java.lang.IllegalArgumentException: Java 23 (67) is not supported by the current version of Byte Buddy which officially supports Java 21 (65) - update Byte Buddy or set net.bytebuddy.experimental as a VM property
	at net.bytebuddy.utility.OpenedClassReader.of(OpenedClassReader.java:96)
	at net.bytebuddy.dynamic.scaffold.TypeWriter$Default$ForInlining.create(TypeWriter.java:4011)
	at net.bytebuddy.dynamic.scaffold.TypeWriter$Default.make(TypeWriter.java:2224)
	at net.bytebuddy.dynamic.DynamicType$Builder$AbstractBase$UsingTypeWriter.make(DynamicType.java:4055)
	at net.bytebuddy.dynamic.DynamicType$Builder$AbstractBase.make(DynamicType.java:3739)
	at org.mockito.internal.creation.bytebuddy.InlineBytecodeGenerator.transform(InlineBytecodeGenerator.java:402)
	at java.instrument/java.lang.instrument.ClassFileTransformer.transform(ClassFileTransformer.java:242)
	at java.instrument/sun.instrument.TransformerManager.transform(TransformerManager.java:188)
	at java.instrument/sun.instrument.InstrumentationImpl.transform(InstrumentationImpl.java:610)
	at java.instrument/sun.instrument.InstrumentationImpl.retransformClasses0(Native Method)
	at java.instrument/sun.instrument.InstrumentationImpl.retransformClasses(InstrumentationImpl.java:225)
	at org.mockito.internal.creation.bytebuddy.InlineBytecodeGenerator.triggerRetransformation(InlineBytecodeGenerator.java:281)
	... 19 more
]]></error>
  </testcase>
  <testcase name="testFindStudentById_ValidId" classname="com.library.StudentServiceTest" time="0.209">
    <error message="&#10;Mockito cannot mock this class: class com.library.dao.StudentDAO.&#10;&#10;If you&apos;re not sure why you&apos;re getting this error, please open an issue on GitHub.&#10;&#10;&#10;Java               : 23&#10;JVM vendor name    : Oracle Corporation&#10;JVM vendor version : 23.0.1+11-39&#10;JVM name           : Java HotSpot(TM) 64-Bit Server VM&#10;JVM version        : 23.0.1+11-39&#10;JVM info           : mixed mode, sharing&#10;OS name            : Windows 10&#10;OS version         : 10.0&#10;&#10;&#10;You are seeing this disclaimer because Mockito is configured to create inlined mocks.&#10;You can learn about inline mocks and their limitations under item #39 of the Mockito class javadoc.&#10;&#10;Underlying exception : org.mockito.exceptions.base.MockitoException: Could not modify all classes [class java.lang.Object, class com.library.dao.StudentDAO]" type="org.mockito.exceptions.base.MockitoException"><![CDATA[org.mockito.exceptions.base.MockitoException: 

Mockito cannot mock this class: class com.library.dao.StudentDAO.

If you're not sure why you're getting this error, please open an issue on GitHub.


Java               : 23
JVM vendor name    : Oracle Corporation
JVM vendor version : 23.0.1+11-39
JVM name           : Java HotSpot(TM) 64-Bit Server VM
JVM version        : 23.0.1+11-39
JVM info           : mixed mode, sharing
OS name            : Windows 10
OS version         : 10.0


You are seeing this disclaimer because Mockito is configured to create inlined mocks.
You can learn about inline mocks and their limitations under item #39 of the Mockito class javadoc.

Underlying exception : org.mockito.exceptions.base.MockitoException: Could not modify all classes [class java.lang.Object, class com.library.dao.StudentDAO]
	at com.library.StudentServiceTest.setUp(StudentServiceTest.java:22)
	at java.base/java.lang.reflect.Method.invoke(Method.java:580)
	at java.base/java.util.ArrayList.forEach(ArrayList.java:1597)
	at java.base/java.util.ArrayList.forEach(ArrayList.java:1597)
Caused by: org.mockito.exceptions.base.MockitoException: Could not modify all classes [class java.lang.Object, class com.library.dao.StudentDAO]
	at net.bytebuddy.TypeCache.findOrInsert(TypeCache.java:168)
	at net.bytebuddy.TypeCache$WithInlineExpunction.findOrInsert(TypeCache.java:399)
	at net.bytebuddy.TypeCache.findOrInsert(TypeCache.java:190)
	at net.bytebuddy.TypeCache$WithInlineExpunction.findOrInsert(TypeCache.java:410)
	... 4 more
Caused by: java.lang.IllegalStateException: 
Byte Buddy could not instrument all classes within the mock's type hierarchy

This problem should never occur for javac-compiled classes. This problem has been observed for classes that are:
 - Compiled by older versions of scalac
 - Classes that are part of the Android distribution
	at org.mockito.internal.creation.bytebuddy.InlineBytecodeGenerator.triggerRetransformation(InlineBytecodeGenerator.java:285)
	at org.mockito.internal.creation.bytebuddy.InlineBytecodeGenerator.mockClass(InlineBytecodeGenerator.java:218)
	at org.mockito.internal.creation.bytebuddy.TypeCachingBytecodeGenerator.lambda$mockClass$0(TypeCachingBytecodeGenerator.java:78)
	at net.bytebuddy.TypeCache.findOrInsert(TypeCache.java:168)
	at net.bytebuddy.TypeCache$WithInlineExpunction.findOrInsert(TypeCache.java:399)
	at net.bytebuddy.TypeCache.findOrInsert(TypeCache.java:190)
	at net.bytebuddy.TypeCache$WithInlineExpunction.findOrInsert(TypeCache.java:410)
	at org.mockito.internal.creation.bytebuddy.TypeCachingBytecodeGenerator.mockClass(TypeCachingBytecodeGenerator.java:75)
	at org.mockito.internal.creation.bytebuddy.InlineDelegateByteBuddyMockMaker.createMockType(InlineDelegateByteBuddyMockMaker.java:396)
	at org.mockito.internal.creation.bytebuddy.InlineDelegateByteBuddyMockMaker.doCreateMock(InlineDelegateByteBuddyMockMaker.java:355)
	at org.mockito.internal.creation.bytebuddy.InlineDelegateByteBuddyMockMaker.createMock(InlineDelegateByteBuddyMockMaker.java:334)
	at org.mockito.internal.creation.bytebuddy.InlineByteBuddyMockMaker.createMock(InlineByteBuddyMockMaker.java:56)
	at org.mockito.internal.util.MockUtil.createMock(MockUtil.java:99)
	at org.mockito.internal.MockitoCore.mock(MockitoCore.java:88)
	at org.mockito.Mockito.mock(Mockito.java:2101)
	at org.mockito.Mockito.mock(Mockito.java:2016)
	... 4 more
Caused by: java.lang.IllegalArgumentException: Java 23 (67) is not supported by the current version of Byte Buddy which officially supports Java 21 (65) - update Byte Buddy or set net.bytebuddy.experimental as a VM property
	at net.bytebuddy.utility.OpenedClassReader.of(OpenedClassReader.java:96)
	at net.bytebuddy.dynamic.scaffold.TypeWriter$Default$ForInlining.create(TypeWriter.java:4011)
	at net.bytebuddy.dynamic.scaffold.TypeWriter$Default.make(TypeWriter.java:2224)
	at net.bytebuddy.dynamic.DynamicType$Builder$AbstractBase$UsingTypeWriter.make(DynamicType.java:4055)
	at net.bytebuddy.dynamic.DynamicType$Builder$AbstractBase.make(DynamicType.java:3739)
	at org.mockito.internal.creation.bytebuddy.InlineBytecodeGenerator.transform(InlineBytecodeGenerator.java:402)
	at java.instrument/java.lang.instrument.ClassFileTransformer.transform(ClassFileTransformer.java:242)
	at java.instrument/sun.instrument.TransformerManager.transform(TransformerManager.java:188)
	at java.instrument/sun.instrument.InstrumentationImpl.transform(InstrumentationImpl.java:610)
	at java.instrument/sun.instrument.InstrumentationImpl.retransformClasses0(Native Method)
	at java.instrument/sun.instrument.InstrumentationImpl.retransformClasses(InstrumentationImpl.java:225)
	at org.mockito.internal.creation.bytebuddy.InlineBytecodeGenerator.triggerRetransformation(InlineBytecodeGenerator.java:281)
	... 19 more
]]></error>
  </testcase>
  <testcase name="testAddStudent_ValidStudent" classname="com.library.StudentServiceTest" time="0.436">
    <error message="&#10;Mockito cannot mock this class: class com.library.dao.StudentDAO.&#10;&#10;If you&apos;re not sure why you&apos;re getting this error, please open an issue on GitHub.&#10;&#10;&#10;Java               : 23&#10;JVM vendor name    : Oracle Corporation&#10;JVM vendor version : 23.0.1+11-39&#10;JVM name           : Java HotSpot(TM) 64-Bit Server VM&#10;JVM version        : 23.0.1+11-39&#10;JVM info           : mixed mode, sharing&#10;OS name            : Windows 10&#10;OS version         : 10.0&#10;&#10;&#10;You are seeing this disclaimer because Mockito is configured to create inlined mocks.&#10;You can learn about inline mocks and their limitations under item #39 of the Mockito class javadoc.&#10;&#10;Underlying exception : org.mockito.exceptions.base.MockitoException: Could not modify all classes [class java.lang.Object, class com.library.dao.StudentDAO]" type="org.mockito.exceptions.base.MockitoException"><![CDATA[org.mockito.exceptions.base.MockitoException: 

Mockito cannot mock this class: class com.library.dao.StudentDAO.

If you're not sure why you're getting this error, please open an issue on GitHub.


Java               : 23
JVM vendor name    : Oracle Corporation
JVM vendor version : 23.0.1+11-39
JVM name           : Java HotSpot(TM) 64-Bit Server VM
JVM version        : 23.0.1+11-39
JVM info           : mixed mode, sharing
OS name            : Windows 10
OS version         : 10.0


You are seeing this disclaimer because Mockito is configured to create inlined mocks.
You can learn about inline mocks and their limitations under item #39 of the Mockito class javadoc.

Underlying exception : org.mockito.exceptions.base.MockitoException: Could not modify all classes [class java.lang.Object, class com.library.dao.StudentDAO]
	at com.library.StudentServiceTest.setUp(StudentServiceTest.java:22)
	at java.base/java.lang.reflect.Method.invoke(Method.java:580)
	at java.base/java.util.ArrayList.forEach(ArrayList.java:1597)
	at java.base/java.util.ArrayList.forEach(ArrayList.java:1597)
Caused by: org.mockito.exceptions.base.MockitoException: Could not modify all classes [class java.lang.Object, class com.library.dao.StudentDAO]
	at net.bytebuddy.TypeCache.findOrInsert(TypeCache.java:168)
	at net.bytebuddy.TypeCache$WithInlineExpunction.findOrInsert(TypeCache.java:399)
	at net.bytebuddy.TypeCache.findOrInsert(TypeCache.java:190)
	at net.bytebuddy.TypeCache$WithInlineExpunction.findOrInsert(TypeCache.java:410)
	... 4 more
Caused by: java.lang.IllegalStateException: 
Byte Buddy could not instrument all classes within the mock's type hierarchy

This problem should never occur for javac-compiled classes. This problem has been observed for classes that are:
 - Compiled by older versions of scalac
 - Classes that are part of the Android distribution
	at org.mockito.internal.creation.bytebuddy.InlineBytecodeGenerator.triggerRetransformation(InlineBytecodeGenerator.java:285)
	at org.mockito.internal.creation.bytebuddy.InlineBytecodeGenerator.mockClass(InlineBytecodeGenerator.java:218)
	at org.mockito.internal.creation.bytebuddy.TypeCachingBytecodeGenerator.lambda$mockClass$0(TypeCachingBytecodeGenerator.java:78)
	at net.bytebuddy.TypeCache.findOrInsert(TypeCache.java:168)
	at net.bytebuddy.TypeCache$WithInlineExpunction.findOrInsert(TypeCache.java:399)
	at net.bytebuddy.TypeCache.findOrInsert(TypeCache.java:190)
	at net.bytebuddy.TypeCache$WithInlineExpunction.findOrInsert(TypeCache.java:410)
	at org.mockito.internal.creation.bytebuddy.TypeCachingBytecodeGenerator.mockClass(TypeCachingBytecodeGenerator.java:75)
	at org.mockito.internal.creation.bytebuddy.InlineDelegateByteBuddyMockMaker.createMockType(InlineDelegateByteBuddyMockMaker.java:396)
	at org.mockito.internal.creation.bytebuddy.InlineDelegateByteBuddyMockMaker.doCreateMock(InlineDelegateByteBuddyMockMaker.java:355)
	at org.mockito.internal.creation.bytebuddy.InlineDelegateByteBuddyMockMaker.createMock(InlineDelegateByteBuddyMockMaker.java:334)
	at org.mockito.internal.creation.bytebuddy.InlineByteBuddyMockMaker.createMock(InlineByteBuddyMockMaker.java:56)
	at org.mockito.internal.util.MockUtil.createMock(MockUtil.java:99)
	at org.mockito.internal.MockitoCore.mock(MockitoCore.java:88)
	at org.mockito.Mockito.mock(Mockito.java:2101)
	at org.mockito.Mockito.mock(Mockito.java:2016)
	... 4 more
Caused by: java.lang.IllegalArgumentException: Java 23 (67) is not supported by the current version of Byte Buddy which officially supports Java 21 (65) - update Byte Buddy or set net.bytebuddy.experimental as a VM property
	at net.bytebuddy.utility.OpenedClassReader.of(OpenedClassReader.java:96)
	at net.bytebuddy.dynamic.scaffold.TypeWriter$Default$ForInlining.create(TypeWriter.java:4011)
	at net.bytebuddy.dynamic.scaffold.TypeWriter$Default.make(TypeWriter.java:2224)
	at net.bytebuddy.dynamic.DynamicType$Builder$AbstractBase$UsingTypeWriter.make(DynamicType.java:4055)
	at net.bytebuddy.dynamic.DynamicType$Builder$AbstractBase.make(DynamicType.java:3739)
	at org.mockito.internal.creation.bytebuddy.InlineBytecodeGenerator.transform(InlineBytecodeGenerator.java:402)
	at java.instrument/java.lang.instrument.ClassFileTransformer.transform(ClassFileTransformer.java:242)
	at java.instrument/sun.instrument.TransformerManager.transform(TransformerManager.java:188)
	at java.instrument/sun.instrument.InstrumentationImpl.transform(InstrumentationImpl.java:610)
	at java.instrument/sun.instrument.InstrumentationImpl.retransformClasses0(Native Method)
	at java.instrument/sun.instrument.InstrumentationImpl.retransformClasses(InstrumentationImpl.java:225)
	at org.mockito.internal.creation.bytebuddy.InlineBytecodeGenerator.triggerRetransformation(InlineBytecodeGenerator.java:281)
	... 19 more
]]></error>
  </testcase>
  <testcase name="testGetAllStudents_NoStudents" classname="com.library.StudentServiceTest" time="0.238">
    <error message="&#10;Mockito cannot mock this class: class com.library.dao.StudentDAO.&#10;&#10;If you&apos;re not sure why you&apos;re getting this error, please open an issue on GitHub.&#10;&#10;&#10;Java               : 23&#10;JVM vendor name    : Oracle Corporation&#10;JVM vendor version : 23.0.1+11-39&#10;JVM name           : Java HotSpot(TM) 64-Bit Server VM&#10;JVM version        : 23.0.1+11-39&#10;JVM info           : mixed mode, sharing&#10;OS name            : Windows 10&#10;OS version         : 10.0&#10;&#10;&#10;You are seeing this disclaimer because Mockito is configured to create inlined mocks.&#10;You can learn about inline mocks and their limitations under item #39 of the Mockito class javadoc.&#10;&#10;Underlying exception : org.mockito.exceptions.base.MockitoException: Could not modify all classes [class java.lang.Object, class com.library.dao.StudentDAO]" type="org.mockito.exceptions.base.MockitoException"><![CDATA[org.mockito.exceptions.base.MockitoException: 

Mockito cannot mock this class: class com.library.dao.StudentDAO.

If you're not sure why you're getting this error, please open an issue on GitHub.


Java               : 23
JVM vendor name    : Oracle Corporation
JVM vendor version : 23.0.1+11-39
JVM name           : Java HotSpot(TM) 64-Bit Server VM
JVM version        : 23.0.1+11-39
JVM info           : mixed mode, sharing
OS name            : Windows 10
OS version         : 10.0


You are seeing this disclaimer because Mockito is configured to create inlined mocks.
You can learn about inline mocks and their limitations under item #39 of the Mockito class javadoc.

Underlying exception : org.mockito.exceptions.base.MockitoException: Could not modify all classes [class java.lang.Object, class com.library.dao.StudentDAO]
	at com.library.StudentServiceTest.setUp(StudentServiceTest.java:22)
	at java.base/java.lang.reflect.Method.invoke(Method.java:580)
	at java.base/java.util.ArrayList.forEach(ArrayList.java:1597)
	at java.base/java.util.ArrayList.forEach(ArrayList.java:1597)
Caused by: org.mockito.exceptions.base.MockitoException: Could not modify all classes [class java.lang.Object, class com.library.dao.StudentDAO]
	at net.bytebuddy.TypeCache.findOrInsert(TypeCache.java:168)
	at net.bytebuddy.TypeCache$WithInlineExpunction.findOrInsert(TypeCache.java:399)
	at net.bytebuddy.TypeCache.findOrInsert(TypeCache.java:190)
	at net.bytebuddy.TypeCache$WithInlineExpunction.findOrInsert(TypeCache.java:410)
	... 4 more
Caused by: java.lang.IllegalStateException: 
Byte Buddy could not instrument all classes within the mock's type hierarchy

This problem should never occur for javac-compiled classes. This problem has been observed for classes that are:
 - Compiled by older versions of scalac
 - Classes that are part of the Android distribution
	at org.mockito.internal.creation.bytebuddy.InlineBytecodeGenerator.triggerRetransformation(InlineBytecodeGenerator.java:285)
	at org.mockito.internal.creation.bytebuddy.InlineBytecodeGenerator.mockClass(InlineBytecodeGenerator.java:218)
	at org.mockito.internal.creation.bytebuddy.TypeCachingBytecodeGenerator.lambda$mockClass$0(TypeCachingBytecodeGenerator.java:78)
	at net.bytebuddy.TypeCache.findOrInsert(TypeCache.java:168)
	at net.bytebuddy.TypeCache$WithInlineExpunction.findOrInsert(TypeCache.java:399)
	at net.bytebuddy.TypeCache.findOrInsert(TypeCache.java:190)
	at net.bytebuddy.TypeCache$WithInlineExpunction.findOrInsert(TypeCache.java:410)
	at org.mockito.internal.creation.bytebuddy.TypeCachingBytecodeGenerator.mockClass(TypeCachingBytecodeGenerator.java:75)
	at org.mockito.internal.creation.bytebuddy.InlineDelegateByteBuddyMockMaker.createMockType(InlineDelegateByteBuddyMockMaker.java:396)
	at org.mockito.internal.creation.bytebuddy.InlineDelegateByteBuddyMockMaker.doCreateMock(InlineDelegateByteBuddyMockMaker.java:355)
	at org.mockito.internal.creation.bytebuddy.InlineDelegateByteBuddyMockMaker.createMock(InlineDelegateByteBuddyMockMaker.java:334)
	at org.mockito.internal.creation.bytebuddy.InlineByteBuddyMockMaker.createMock(InlineByteBuddyMockMaker.java:56)
	at org.mockito.internal.util.MockUtil.createMock(MockUtil.java:99)
	at org.mockito.internal.MockitoCore.mock(MockitoCore.java:88)
	at org.mockito.Mockito.mock(Mockito.java:2101)
	at org.mockito.Mockito.mock(Mockito.java:2016)
	... 4 more
Caused by: java.lang.IllegalArgumentException: Java 23 (67) is not supported by the current version of Byte Buddy which officially supports Java 21 (65) - update Byte Buddy or set net.bytebuddy.experimental as a VM property
	at net.bytebuddy.utility.OpenedClassReader.of(OpenedClassReader.java:96)
	at net.bytebuddy.dynamic.scaffold.TypeWriter$Default$ForInlining.create(TypeWriter.java:4011)
	at net.bytebuddy.dynamic.scaffold.TypeWriter$Default.make(TypeWriter.java:2224)
	at net.bytebuddy.dynamic.DynamicType$Builder$AbstractBase$UsingTypeWriter.make(DynamicType.java:4055)
	at net.bytebuddy.dynamic.DynamicType$Builder$AbstractBase.make(DynamicType.java:3739)
	at org.mockito.internal.creation.bytebuddy.InlineBytecodeGenerator.transform(InlineBytecodeGenerator.java:402)
	at java.instrument/java.lang.instrument.ClassFileTransformer.transform(ClassFileTransformer.java:242)
	at java.instrument/sun.instrument.TransformerManager.transform(TransformerManager.java:188)
	at java.instrument/sun.instrument.InstrumentationImpl.transform(InstrumentationImpl.java:610)
	at java.instrument/sun.instrument.InstrumentationImpl.retransformClasses0(Native Method)
	at java.instrument/sun.instrument.InstrumentationImpl.retransformClasses(InstrumentationImpl.java:225)
	at org.mockito.internal.creation.bytebuddy.InlineBytecodeGenerator.triggerRetransformation(InlineBytecodeGenerator.java:281)
	... 19 more
]]></error>
  </testcase>
</testsuite>